<?xml version="1.0" encoding="UTF-8"?>
<testng-results skipped="0" failed="0" ignored="0" total="2" passed="2">
  <reporter-output>
  </reporter-output>
  <suite name="Suite1" duration-ms="29" started-at="2020-06-11T06:06:34Z" finished-at="2020-06-11T06:06:34Z">
    <groups>
    </groups>
    <test name="test1" duration-ms="29" started-at="2020-06-11T06:06:34Z" finished-at="2020-06-11T06:06:34Z">
      <class name="TestEmployeeDetails">
        <test-method status="PASS" signature="testCalculateAppriasal()[pri:0, instance:TestEmployeeDetails@eff760]" name="testCalculateAppriasal" duration-ms="9" started-at="2020-06-11T06:06:34Z" finished-at="2020-06-11T06:06:34Z">
          <reporter-output>
          </reporter-output>
        </test-method> <!-- testCalculateAppriasal -->
        <test-method status="PASS" signature="testCalculateYearlySalary()[pri:0, instance:TestEmployeeDetails@eff760]" name="testCalculateYearlySalary" duration-ms="1" started-at="2020-06-11T06:06:34Z" finished-at="2020-06-11T06:06:34Z">
          <reporter-output>
          </reporter-output>
        </test-method> <!-- testCalculateYearlySalary -->
      </class> <!-- TestEmployeeDetails -->
    </test> <!-- test1 -->
  </suite> <!-- Suite1 -->
</testng-results>
